<?xml version="1.0" encoding="UTF-8"?>
<!-- Generated by org.testng.reporters.JUnitXMLReporter -->
<testsuite ignored="0" hostname="US-PC02EEPC" failures="1" tests="2" name="LoginTest" time="0.089" errors="0" timestamp="2020-05-07T13:59:01 CDT">
  <testcase classname="Listener.LoginTest" name="loginByEmail" time="0.013"/>
  <testcase classname="Listener.LoginTest" name="loginByFacebook" time="0.004">
    <failure type="java.lang.AssertionError" message="expected [kumar] but found [pavan]">
      <![CDATA[java.lang.AssertionError: expected [kumar] but found [pavan]
at Listener.LoginTest.loginByFacebook(LoginTest.java:17)
at java.base/java.util.ArrayList.forEach(ArrayList.java:1510)
... Removed 32 stack frames]]>
    </failure>
  </testcase> <!-- loginByFacebook -->
</testsuite> <!-- LoginTest -->
