<?xml version="1.0" encoding="UTF-8"?>
<testng-results ignored="0" total="1" passed="1" failed="0" skipped="0">
  <reporter-output>
  </reporter-output>
  <suite started-at="2020-05-09T11:00:41 CDT" name="Default suite" finished-at="2020-05-09T11:00:41 CDT" duration-ms="68">
    <groups>
    </groups>
    <test started-at="2020-05-09T11:00:41 CDT" name="Default test" finished-at="2020-05-09T11:00:41 CDT" duration-ms="68">
      <class name="BatchTesting.TestNGPush">
        <test-method signature="f()[pri:0, instance:BatchTesting.TestNGPush@11dc3715]" started-at="2020-05-09T11:00:41 CDT" name="f" finished-at="2020-05-09T11:00:41 CDT" duration-ms="14" status="PASS">
          <reporter-output>
          </reporter-output>
        </test-method> <!-- f -->
      </class> <!-- BatchTesting.TestNGPush -->
    </test> <!-- Default test -->
  </suite> <!-- Default suite -->
</testng-results>
