<?xml version="1.0" encoding="UTF-8"?>
<!-- Generated by org.testng.reporters.JUnitXMLReporter -->
<testsuite ignored="0" hostname="US-PC02EEPC" failures="0" tests="6" name="sanitytest" time="0.091" errors="0" timestamp="2020-05-07T12:47:57 CDT">
  <testcase classname="BatchTesting.LoginTest" name="loginByEmail" time="0.012"/>
  <testcase classname="BatchTesting.LoginTest" name="loginByFacebook" time="0.003"/>
  <testcase classname="BatchTesting.LoginTest" name="loginByTwitter" time="0.002"/>
  <testcase classname="BatchTesting.SignUpTest" name="signUpByEmail" time="0.002"/>
  <testcase classname="BatchTesting.SignUpTest" name="signUpByFacebook" time="0.003"/>
  <testcase classname="BatchTesting.SignUpTest" name="signUpByTwitter" time="0.002"/>
</testsuite> <!-- sanitytest -->
