<?xml version="1.0" encoding="UTF-8"?>
<!-- Generated by org.testng.reporters.JUnitXMLReporter -->
<testsuite ignored="0" hostname="US-PC02EEPC" failures="0" tests="3" name="functionaltest" time="0.022" errors="0" timestamp="2020-05-07T12:47:57 CDT">
  <testcase classname="BatchTesting.PaymentTest" name="paymentInDollar" time="0.003"/>
  <testcase classname="BatchTesting.PaymentTest" name="paymentInRupees" time="0.002"/>
  <testcase classname="BatchTesting.PaymentReturns" name="paymentReturnByBank" time="0.004"/>
</testsuite> <!-- functionaltest -->
